<?xml version="1.0" encoding="UTF-8"?>
<testsuite name="tests.test_vjer_module.TestVjerModule-20260522195410" tests="14" file="tests/test_vjer_module.py" time="0.004" timestamp="2026-05-22T19:54:10" failures="0" errors="0" skipped="0">
	<testcase classname="tests.test_vjer_module.TestVjerModule" name="test_module_all_exports" time="0.001" timestamp="2026-05-22T19:54:10" file="tests\test_vjer_module.py" line="68">
		<!--Test __all__ contains expected exports.-->
	</testcase>
	<testcase classname="tests.test_vjer_module.TestVjerModule" name="test_module_attributes_are_strings" time="0.000" timestamp="2026-05-22T19:54:10" file="tests\test_vjer_module.py" line="82">
		<!--Test that all module attributes are strings.-->
	</testcase>
	<testcase classname="tests.test_vjer_module.TestVjerModule" name="test_module_author" time="0.000" timestamp="2026-05-22T19:54:10" file="tests\test_vjer_module.py" line="47">
		<!--Test module author.-->
	</testcase>
	<testcase classname="tests.test_vjer_module.TestVjerModule" name="test_module_build_date" time="0.000" timestamp="2026-05-22T19:54:10" file="tests\test_vjer_module.py" line="43">
		<!--Test module build date.-->
	</testcase>
	<testcase classname="tests.test_vjer_module.TestVjerModule" name="test_module_build_name" time="0.000" timestamp="2026-05-22T19:54:10" file="tests\test_vjer_module.py" line="39">
		<!--Test module build name.-->
	</testcase>
	<testcase classname="tests.test_vjer_module.TestVjerModule" name="test_module_can_be_imported" time="0.000" timestamp="2026-05-22T19:54:10" file="tests\test_vjer_module.py" line="78">
		<!--Test that vjer module can be imported.-->
	</testcase>
	<testcase classname="tests.test_vjer_module.TestVjerModule" name="test_module_copyright" time="0.000" timestamp="2026-05-22T19:54:10" file="tests\test_vjer_module.py" line="62">
		<!--Test module copyright.-->
	</testcase>
	<testcase classname="tests.test_vjer_module.TestVjerModule" name="test_module_email" time="0.000" timestamp="2026-05-22T19:54:10" file="tests\test_vjer_module.py" line="52">
		<!--Test module email.-->
	</testcase>
	<testcase classname="tests.test_vjer_module.TestVjerModule" name="test_module_license" time="0.000" timestamp="2026-05-22T19:54:10" file="tests\test_vjer_module.py" line="57">
		<!--Test module license.-->
	</testcase>
	<testcase classname="tests.test_vjer_module.TestVjerModule" name="test_module_non_empty_strings" time="0.000" timestamp="2026-05-22T19:54:10" file="tests\test_vjer_module.py" line="94">
		<!--Test that all module attributes are non-empty strings.-->
	</testcase>
	<testcase classname="tests.test_vjer_module.TestVjerModule" name="test_module_summary" time="0.000" timestamp="2026-05-22T19:54:10" file="tests\test_vjer_module.py" line="22">
		<!--Test module summary.-->
	</testcase>
	<testcase classname="tests.test_vjer_module.TestVjerModule" name="test_module_title" time="0.000" timestamp="2026-05-22T19:54:10" file="tests\test_vjer_module.py" line="17">
		<!--Test module title.-->
	</testcase>
	<testcase classname="tests.test_vjer_module.TestVjerModule" name="test_module_uri" time="0.000" timestamp="2026-05-22T19:54:10" file="tests\test_vjer_module.py" line="27">
		<!--Test module URI.-->
	</testcase>
	<testcase classname="tests.test_vjer_module.TestVjerModule" name="test_module_version" time="0.000" timestamp="2026-05-22T19:54:10" file="tests\test_vjer_module.py" line="33">
		<!--Test module version format.-->
	</testcase>
</testsuite>
