<?xml version="1.0" encoding="UTF-8"?>
<testsuite name="tests.test_vjer_module.TestVjerModuleVersion-20260522195410" tests="4" file="tests/test_vjer_module.py" time="0.001" timestamp="2026-05-22T19:54:10" failures="0" errors="0" skipped="0">
	<testcase classname="tests.test_vjer_module.TestVjerModuleVersion" name="test_version_major_component" time="0.000" timestamp="2026-05-22T19:54:10" file="tests\test_vjer_module.py" line="114">
		<!--Test version has major component.-->
	</testcase>
	<testcase classname="tests.test_vjer_module.TestVjerModuleVersion" name="test_version_minor_component" time="0.000" timestamp="2026-05-22T19:54:10" file="tests\test_vjer_module.py" line="119">
		<!--Test version has minor component.-->
	</testcase>
	<testcase classname="tests.test_vjer_module.TestVjerModuleVersion" name="test_version_patch_component" time="0.000" timestamp="2026-05-22T19:54:10" file="tests\test_vjer_module.py" line="124">
		<!--Test version has patch component.-->
	</testcase>
	<testcase classname="tests.test_vjer_module.TestVjerModuleVersion" name="test_version_reasonable_range" time="0.000" timestamp="2026-05-22T19:54:10" file="tests\test_vjer_module.py" line="130">
		<!--Test version components are in reasonable ranges.-->
	</testcase>
</testsuite>
