<?xml version="1.0" encoding="UTF-8"?>
<testsuite name="tests.test_test_module.TestTestStepPre-20260522195410" tests="2" file="tests/test_test_module.py" time="0.005" timestamp="2026-05-22T19:54:10" failures="0" errors="0" skipped="0">
	<testcase classname="tests.test_test_module.TestTestStepPre" name="test_test_step_pre_calls_parent_pre" time="0.001" timestamp="2026-05-22T19:54:10" file="tests\test_test_module.py" line="84">
		<!--Test that pre() calls parent class pre().-->
	</testcase>
	<testcase classname="tests.test_test_module.TestTestStepPre" name="test_test_step_pre_removes_old_test_results" time="0.004" timestamp="2026-05-22T19:54:10" file="tests\test_test_module.py" line="51">
		<!--Test that pre() removes old test results directory.-->
		<system-out><![CDATA[INFO **********************************************************************
INFO Preparing test results directory
INFO Removing test results directory: \test\project\test_results
]]></system-out>
	</testcase>
</testsuite>
