<?xml version="1.0" encoding="UTF-8"?>
<testsuite name="tests.test_config.TestConfigSection-20260522195410" tests="11" file="tests/test_config.py" time="0.003" timestamp="2026-05-22T19:54:10" failures="0" errors="0" skipped="0">
	<testcase classname="tests.test_config.TestConfigSection" name="test_config_section_attribute_error" time="0.002" timestamp="2026-05-22T19:54:10" file="tests\test_config.py" line="110">
		<!--Test that accessing non-existent attribute raises AttributeError.-->
	</testcase>
	<testcase classname="tests.test_config.TestConfigSection" name="test_config_section_get_default" time="0.000" timestamp="2026-05-22T19:54:10" file="tests\test_config.py" line="58">
		<!--Test getting a default value.-->
	</testcase>
	<testcase classname="tests.test_config.TestConfigSection" name="test_config_section_init" time="0.000" timestamp="2026-05-22T19:54:10" file="tests\test_config.py" line="52">
		<!--Test ConfigSection initialization.-->
	</testcase>
	<testcase classname="tests.test_config.TestConfigSection" name="test_config_section_internal_attributes" time="0.000" timestamp="2026-05-22T19:54:10" file="tests\test_config.py" line="91">
		<!--Test that internal attributes starting with _ are not added to values.-->
	</testcase>
	<testcase classname="tests.test_config.TestConfigSection" name="test_config_section_list_expansion" time="0.000" timestamp="2026-05-22T19:54:10" file="tests\test_config.py" line="103">
		<!--Test that list values are properly returned.-->
	</testcase>
	<testcase classname="tests.test_config.TestConfigSection" name="test_config_section_set_value" time="0.000" timestamp="2026-05-22T19:54:10" file="tests\test_config.py" line="62">
		<!--Test setting a value.-->
	</testcase>
	<testcase classname="tests.test_config.TestConfigSection" name="test_config_section_update" time="0.000" timestamp="2026-05-22T19:54:10" file="tests\test_config.py" line="74">
		<!--Test updating configuration values.-->
	</testcase>
	<testcase classname="tests.test_config.TestConfigSection" name="test_config_section_update_defaults" time="0.000" timestamp="2026-05-22T19:54:10" file="tests\test_config.py" line="80">
		<!--Test updating default values.-->
	</testcase>
	<testcase classname="tests.test_config.TestConfigSection" name="test_config_section_update_expander_with_dict" time="0.000" timestamp="2026-05-22T19:54:10" file="tests\test_config.py" line="85">
		<!--Test updating expander with a property dictionary.-->
	</testcase>
	<testcase classname="tests.test_config.TestConfigSection" name="test_config_section_values_property" time="0.000" timestamp="2026-05-22T19:54:10" file="tests\test_config.py" line="67">
		<!--Test the values property.-->
	</testcase>
	<testcase classname="tests.test_config.TestConfigSection" name="test_config_section_with_dotmap" time="0.000" timestamp="2026-05-22T19:54:10" file="tests\test_config.py" line="96">
		<!--Test updating with DotMap.-->
	</testcase>
</testsuite>
