<?xml version="1.0" encoding="UTF-8"?>
<testsuite name="tests.test_integration.TestEnvironmentConstants-20260522195410" tests="3" file="tests/test_integration.py" time="0.003" timestamp="2026-05-22T19:54:10" failures="0" errors="0" skipped="0">
	<testcase classname="tests.test_integration.TestEnvironmentConstants" name="test_default_config_file" time="0.002" timestamp="2026-05-22T19:54:10" file="tests\test_integration.py" line="120">
		<!--Test default config file with environment override.-->
	</testcase>
	<testcase classname="tests.test_integration.TestEnvironmentConstants" name="test_environment_variable_access" time="0.002" timestamp="2026-05-22T19:54:10" file="tests\test_integration.py" line="111">
		<!--Test accessing VJER_ENV.-->
	</testcase>
	<testcase classname="tests.test_integration.TestEnvironmentConstants" name="test_project_cfg_file_valid" time="0.000" timestamp="2026-05-22T19:54:10" file="tests\test_integration.py" line="129">
		<!--Test PROJECT_CFG_FILE is a valid filename.-->
	</testcase>
</testsuite>
