<?xml version="1.0" encoding="UTF-8"?>
<testsuite name="tests.test_tool_reporter.TestToolReporter-20260522195410" tests="3" file="tests/test_tool_reporter.py" time="0.002" timestamp="2026-05-22T19:54:10" failures="0" errors="0" skipped="0">
	<testcase classname="tests.test_tool_reporter.TestToolReporter" name="test_tool_reporter" time="0.001" timestamp="2026-05-22T19:54:10" file="tests\test_tool_reporter.py" line="18">
		<!--Test tool_reporter function.-->
	</testcase>
	<testcase classname="tests.test_tool_reporter.TestToolReporter" name="test_tool_reporter_calls_get_helm_info" time="0.001" timestamp="2026-05-22T19:54:10" file="tests\test_tool_reporter.py" line="50">
		<!--Test that tool_reporter calls get_helm_info twice.-->
	</testcase>
	<testcase classname="tests.test_tool_reporter.TestToolReporter" name="test_tool_reporter_calls_get_version" time="0.001" timestamp="2026-05-22T19:54:10" file="tests\test_tool_reporter.py" line="38">
		<!--Test that tool_reporter calls get_version for each product.-->
	</testcase>
</testsuite>
