<?xml version="1.0" encoding="UTF-8"?>
<testsuite name="tests.test_integration.TestProjectDefaultValues-20260522195410" tests="6" file="tests/test_integration.py" time="0.001" timestamp="2026-05-22T19:54:10" failures="0" errors="0" skipped="0">
	<testcase classname="tests.test_integration.TestProjectDefaultValues" name="test_build_artifacts_default" time="0.000" timestamp="2026-05-22T19:54:10" file="tests\test_integration.py" line="171">
		<!--Test build_artifacts default.-->
	</testcase>
	<testcase classname="tests.test_integration.TestProjectDefaultValues" name="test_build_num_var_default" time="0.000" timestamp="2026-05-22T19:54:10" file="tests\test_integration.py" line="175">
		<!--Test build_num_var default.-->
	</testcase>
	<testcase classname="tests.test_integration.TestProjectDefaultValues" name="test_chart_root_default" time="0.000" timestamp="2026-05-22T19:54:10" file="tests\test_integration.py" line="179">
		<!--Test chart_root default.-->
	</testcase>
	<testcase classname="tests.test_integration.TestProjectDefaultValues" name="test_container_registry_default" time="0.000" timestamp="2026-05-22T19:54:10" file="tests\test_integration.py" line="191">
		<!--Test container_registry default.-->
	</testcase>
	<testcase classname="tests.test_integration.TestProjectDefaultValues" name="test_dockerfile_default" time="0.000" timestamp="2026-05-22T19:54:10" file="tests\test_integration.py" line="183">
		<!--Test dockerfile default.-->
	</testcase>
	<testcase classname="tests.test_integration.TestProjectDefaultValues" name="test_test_results_default" time="0.000" timestamp="2026-05-22T19:54:10" file="tests\test_integration.py" line="187">
		<!--Test test_results default.-->
	</testcase>
</testsuite>
