<?xml version="1.0" encoding="UTF-8"?>
<testsuite name="tests.test_config.TestConfigurationError-20260522195410" tests="3" file="tests/test_config.py" time="0.000" timestamp="2026-05-22T19:54:10" failures="0" errors="0" skipped="0">
	<testcase classname="tests.test_config.TestConfigurationError" name="test_bad_format_error" time="0.000" timestamp="2026-05-22T19:54:10" file="tests\test_config.py" line="119">
		<!--Test BAD_FORMAT error.-->
	</testcase>
	<testcase classname="tests.test_config.TestConfigurationError" name="test_config_file_not_found_error" time="0.000" timestamp="2026-05-22T19:54:10" file="tests\test_config.py" line="124">
		<!--Test CONFIG_FILE_NOT_FOUND error.-->
	</testcase>
	<testcase classname="tests.test_config.TestConfigurationError" name="test_invalid_schema_error" time="0.000" timestamp="2026-05-22T19:54:10" file="tests\test_config.py" line="129">
		<!--Test INVALID_SCHEMA error.-->
	</testcase>
</testsuite>
