<?xml version="1.0" encoding="UTF-8"?>
<testsuite name="tests.test_tool_reporter.TestGetHelmInfo-20260522195410" tests="6" file="tests/test_tool_reporter.py" time="0.004" timestamp="2026-05-22T19:54:10" failures="0" errors="0" skipped="0">
	<testcase classname="tests.test_tool_reporter.TestGetHelmInfo" name="test_get_helm_info_cmd_error_other" time="0.002" timestamp="2026-05-22T19:54:10" file="tests\test_tool_reporter.py" line="242">
		<!--Test get_helm_info re-raises CMDError not related to 'no repositories'.-->
	</testcase>
	<testcase classname="tests.test_tool_reporter.TestGetHelmInfo" name="test_get_helm_info_empty_result" time="0.000" timestamp="2026-05-22T19:54:10" file="tests\test_tool_reporter.py" line="252">
		<!--Test get_helm_info when result is empty.-->
	</testcase>
	<testcase classname="tests.test_tool_reporter.TestGetHelmInfo" name="test_get_helm_info_helm_not_installed" time="0.000" timestamp="2026-05-22T19:54:10" file="tests\test_tool_reporter.py" line="220">
		<!--Test get_helm_info when helm is not installed.-->
	</testcase>
	<testcase classname="tests.test_tool_reporter.TestGetHelmInfo" name="test_get_helm_info_no_repos" time="0.000" timestamp="2026-05-22T19:54:10" file="tests\test_tool_reporter.py" line="230">
		<!--Test get_helm_info when no repos found.-->
	</testcase>
	<testcase classname="tests.test_tool_reporter.TestGetHelmInfo" name="test_get_helm_info_plugins" time="0.000" timestamp="2026-05-22T19:54:10" file="tests\test_tool_reporter.py" line="206">
		<!--Test get_helm_info for plugins.-->
	</testcase>
	<testcase classname="tests.test_tool_reporter.TestGetHelmInfo" name="test_get_helm_info_repos" time="0.000" timestamp="2026-05-22T19:54:10" file="tests\test_tool_reporter.py" line="190">
		<!--Test get_helm_info for repos.-->
	</testcase>
</testsuite>
