<?xml version="1.0" encoding="UTF-8"?>
<testsuite name="tests.test_utils.TestUtilityFunctions-20260522195410" tests="5" file="tests/test_utils.py" time="0.001" timestamp="2026-05-22T19:54:10" failures="0" errors="0" skipped="0">
	<testcase classname="tests.test_utils.TestUtilityFunctions" name="test_apt_install_runner_exists" time="0.000" timestamp="2026-05-22T19:54:10" file="tests\test_utils.py" line="120">
		<!--Test that apt_install runner is defined.-->
	</testcase>
	<testcase classname="tests.test_utils.TestUtilityFunctions" name="test_apt_runner_exists" time="0.000" timestamp="2026-05-22T19:54:10" file="tests\test_utils.py" line="115">
		<!--Test that apt runner is defined.-->
	</testcase>
	<testcase classname="tests.test_utils.TestUtilityFunctions" name="test_git_runner_exists" time="0.000" timestamp="2026-05-22T19:54:10" file="tests\test_utils.py" line="105">
		<!--Test that git runner is defined.-->
	</testcase>
	<testcase classname="tests.test_utils.TestUtilityFunctions" name="test_helm_runner_exists" time="0.000" timestamp="2026-05-22T19:54:10" file="tests\test_utils.py" line="110">
		<!--Test that helm runner is defined.-->
	</testcase>
	<testcase classname="tests.test_utils.TestUtilityFunctions" name="test_pip_install_runner_exists" time="0.000" timestamp="2026-05-22T19:54:10" file="tests\test_utils.py" line="125">
		<!--Test that pip_install runner is defined.-->
	</testcase>
</testsuite>
